<?xml version="1.0" encoding="UTF-8"?>
<!-- Generated by org.testng.reporters.JUnitReportReporter -->
<testsuite hostname="DESKTOP-A74UFH0" failures="0" tests="1" name="TestRunner" time="5.838" errors="0" timestamp="2023-06-04T21:35:44 EDT" skipped="0">
  <testcase classname="TestRunner" name="runScenario" time="5.838"/>
</testsuite> <!-- TestRunner -->
